0 info it worked if it ends with ok
1 verbose cli [ '/usr/local/bin/node', '/usr/local/bin/npm', 'start' ]
2 info using npm@3.10.8
3 info using node@v7.0.0
4 verbose run-script [ 'prestart', 'start', 'poststart' ]
5 info lifecycle rest@0.0.0~prestart: rest@0.0.0
6 silly lifecycle rest@0.0.0~prestart: no script for prestart, continuing
7 info lifecycle rest@0.0.0~start: rest@0.0.0
8 verbose lifecycle rest@0.0.0~start: unsafe-perm in lifecycle true
9 verbose lifecycle rest@0.0.0~start: PATH: /usr/local/lib/node_modules/npm/bin/node-gyp-bin:/home/aravind/blog/rest/node_modules/.bin:/usr/local/sbin:/usr/local/bin:/usr/sbin:/usr/bin:/sbin:/bin:/usr/games:/usr/local/games:/usr/lib/jvm/java-8-oracle/bin:/usr/lib/jvm/java-8-oracle/db/bin:/usr/lib/jvm/java-8-oracle/jre/bin:/home/aravind/java/jdk1.8.0_91/bin:/home/aravind/ant/apache-ant-1.9.7/bin:/home/aravind/android-sdk-linux/platform-tools:/home/aravind/android-sdk-linux/tools
10 verbose lifecycle rest@0.0.0~start: CWD: /home/aravind/blog/rest
11 silly lifecycle rest@0.0.0~start: Args: [ '-c', 'node ./bin/www' ]
12 silly lifecycle rest@0.0.0~start: Returned: code: 1  signal: null
13 info lifecycle rest@0.0.0~start: Failed to exec start script
14 verbose stack Error: rest@0.0.0 start: `node ./bin/www`
14 verbose stack Exit status 1
14 verbose stack     at EventEmitter.<anonymous> (/usr/local/lib/node_modules/npm/lib/utils/lifecycle.js:255:16)
14 verbose stack     at emitTwo (events.js:106:13)
14 verbose stack     at EventEmitter.emit (events.js:191:7)
14 verbose stack     at ChildProcess.<anonymous> (/usr/local/lib/node_modules/npm/lib/utils/spawn.js:40:14)
14 verbose stack     at emitTwo (events.js:106:13)
14 verbose stack     at ChildProcess.emit (events.js:191:7)
14 verbose stack     at maybeClose (internal/child_process.js:877:16)
14 verbose stack     at Process.ChildProcess._handle.onexit (internal/child_process.js:226:5)
15 verbose pkgid rest@0.0.0
16 verbose cwd /home/aravind/blog/rest
17 error Linux 4.4.0-64-generic
18 error argv "/usr/local/bin/node" "/usr/local/bin/npm" "start"
19 error node v7.0.0
20 error npm  v3.10.8
21 error code ELIFECYCLE
22 error rest@0.0.0 start: `node ./bin/www`
22 error Exit status 1
23 error Failed at the rest@0.0.0 start script 'node ./bin/www'.
23 error Make sure you have the latest version of node.js and npm installed.
23 error If you do, this is most likely a problem with the rest package,
23 error not with npm itself.
23 error Tell the author that this fails on your system:
23 error     node ./bin/www
23 error You can get information on how to open an issue for this project with:
23 error     npm bugs rest
23 error Or if that isn't available, you can get their info via:
23 error     npm owner ls rest
23 error There is likely additional logging output above.
24 verbose exit [ 1, true ]
